<?xml version="1.0" encoding="UTF-8"?>
<coverage generated="1734785373703" clover="3.2.0">
  <project timestamp="1734785373703" name="All files">
    <metrics statements="37" coveredstatements="33" conditionals="6" coveredconditionals="3" methods="2" coveredmethods="1" elements="45" coveredelements="37" complexity="0" loc="37" ncloc="37" packages="3" files="5" classes="5"/>
    <package name="src">
      <metrics statements="15" coveredstatements="15" conditionals="2" coveredconditionals="1" methods="0" coveredmethods="0"/>
      <file name="server.ts" path="/Users/mac/Documents/Code_files/New_Projects/CRIATEURS_API_V1/src/server.ts">
        <metrics statements="15" coveredstatements="15" conditionals="2" coveredconditionals="1" methods="0" coveredmethods="0"/>
        <line num="1" count="1" type="stmt"/>
        <line num="2" count="1" type="stmt"/>
        <line num="3" count="1" type="stmt"/>
        <line num="4" count="1" type="stmt"/>
        <line num="5" count="1" type="stmt"/>
        <line num="6" count="1" type="stmt"/>
        <line num="7" count="1" type="stmt"/>
        <line num="9" count="1" type="cond" truecount="1" falsecount="1"/>
        <line num="11" count="1" type="stmt"/>
        <line num="13" count="1" type="stmt"/>
        <line num="14" count="1" type="stmt"/>
        <line num="16" count="1" type="stmt"/>
        <line num="19" count="1" type="stmt"/>
        <line num="22" count="1" type="stmt"/>
        <line num="24" count="1" type="stmt"/>
      </file>
    </package>
    <package name="src.config">
      <metrics statements="11" coveredstatements="10" conditionals="3" coveredconditionals="1" methods="0" coveredmethods="0"/>
      <file name="index.ts" path="/Users/mac/Documents/Code_files/New_Projects/CRIATEURS_API_V1/src/config/index.ts">
        <metrics statements="8" coveredstatements="7" conditionals="3" coveredconditionals="1" methods="0" coveredmethods="0"/>
        <line num="1" count="1" type="stmt"/>
        <line num="2" count="1" type="stmt"/>
        <line num="4" count="1" type="cond" truecount="1" falsecount="1"/>
        <line num="8" count="1" type="stmt"/>
        <line num="15" count="1" type="stmt"/>
        <line num="16" count="1" type="cond" truecount="0" falsecount="1"/>
        <line num="17" count="0" type="stmt"/>
        <line num="20" count="1" type="stmt"/>
      </file>
      <file name="swaggerConfig.ts" path="/Users/mac/Documents/Code_files/New_Projects/CRIATEURS_API_V1/src/config/swaggerConfig.ts">
        <metrics statements="3" coveredstatements="3" conditionals="0" coveredconditionals="0" methods="0" coveredmethods="0"/>
        <line num="1" count="1" type="stmt"/>
        <line num="3" count="1" type="stmt"/>
        <line num="20" count="1" type="stmt"/>
      </file>
    </package>
    <package name="src.middlewares">
      <metrics statements="11" coveredstatements="8" conditionals="1" coveredconditionals="1" methods="2" coveredmethods="1"/>
      <file name="corsHandler.ts" path="/Users/mac/Documents/Code_files/New_Projects/CRIATEURS_API_V1/src/middlewares/corsHandler.ts">
        <metrics statements="8" coveredstatements="7" conditionals="1" coveredconditionals="1" methods="1" coveredmethods="1"/>
        <line num="3" count="1" type="stmt"/>
        <line num="8" count="1" type="stmt"/>
        <line num="9" count="1" type="stmt"/>
        <line num="13" count="1" type="stmt"/>
        <line num="15" count="1" type="cond" truecount="1" falsecount="0"/>
        <line num="16" count="1" type="stmt"/>
        <line num="17" count="1" type="stmt"/>
        <line num="19" count="0" type="stmt"/>
      </file>
      <file name="routeNotFoundHandler.ts" path="/Users/mac/Documents/Code_files/New_Projects/CRIATEURS_API_V1/src/middlewares/routeNotFoundHandler.ts">
        <metrics statements="3" coveredstatements="1" conditionals="0" coveredconditionals="0" methods="1" coveredmethods="0"/>
        <line num="3" count="1" type="stmt"/>
        <line num="4" count="0" type="stmt"/>
        <line num="5" count="0" type="stmt"/>
      </file>
    </package>
  </project>
</coverage>
