{"/Users/mac/Documents/Code_files/New_Projects/CRIATEURS_API_V1/src/server.ts": {"path":"/Users/mac/Documents/Code_files/New_Projects/CRIATEURS_API_V1/src/server.ts","statementMap":{"0":{"start":{"line":1,"column":0},"end":{"line":1,"column":62}},"1":{"start":{"line":2,"column":0},"end":{"line":2,"column":34}},"2":{"start":{"line":3,"column":0},"end":{"line":3,"column":41}},"3":{"start":{"line":4,"column":0},"end":{"line":4,"column":43}},"4":{"start":{"line":5,"column":0},"end":{"line":5,"column":51}},"5":{"start":{"line":6,"column":0},"end":{"line":6,"column":57}},"6":{"start":{"line":7,"column":0},"end":{"line":7,"column":74}},"7":{"start":{"line":9,"column":13},"end":{"line":9,"column":32}},"8":{"start":{"line":11,"column":13},"end":{"line":11,"column":38}},"9":{"start":{"line":13,"column":0},"end":{"line":13,"column":24}},"10":{"start":{"line":14,"column":0},"end":{"line":14,"column":49}},"11":{"start":{"line":16,"column":0},"end":{"line":16,"column":22}},"12":{"start":{"line":19,"column":20},"end":{"line":19,"column":47}},"13":{"start":{"line":22,"column":0},"end":{"line":22,"column":68}},"14":{"start":{"line":24,"column":0},"end":{"line":24,"column":30}}},"fnMap":{},"branchMap":{"0":{"loc":{"start":{"line":9,"column":13},"end":{"line":9,"column":32}},"type":"binary-expr","locations":[{"start":{"line":9,"column":13},"end":{"line":9,"column":24}},{"start":{"line":9,"column":28},"end":{"line":9,"column":32}}]}},"s":{"0":1,"1":1,"2":1,"3":1,"4":1,"5":1,"6":1,"7":1,"8":1,"9":1,"10":1,"11":1,"12":1,"13":1,"14":1},"f":{},"b":{"0":[1,0]}}
,"/Users/mac/Documents/Code_files/New_Projects/CRIATEURS_API_V1/src/config/index.ts": {"path":"/Users/mac/Documents/Code_files/New_Projects/CRIATEURS_API_V1/src/config/index.ts","statementMap":{"0":{"start":{"line":1,"column":0},"end":{"line":1,"column":33}},"1":{"start":{"line":2,"column":0},"end":{"line":2,"column":27}},"2":{"start":{"line":4,"column":0},"end":{"line":6,"column":20}},"3":{"start":{"line":8,"column":15},"end":{"line":13,"column":13}},"4":{"start":{"line":15,"column":34},"end":{"line":15,"column":62}},"5":{"start":{"line":16,"column":0},"end":{"line":18,"column":1}},"6":{"start":{"line":17,"column":2},"end":{"line":17,"column":63}},"7":{"start":{"line":20,"column":13},"end":{"line":30,"column":2}}},"fnMap":{},"branchMap":{"0":{"loc":{"start":{"line":4,"column":0},"end":{"line":6,"column":19}},"type":"cond-expr","locations":[{"start":{"line":5,"column":4},"end":{"line":5,"column":49}},{"start":{"line":6,"column":4},"end":{"line":6,"column":19}}]},"1":{"loc":{"start":{"line":16,"column":0},"end":{"line":18,"column":1}},"type":"if","locations":[{"start":{"line":16,"column":0},"end":{"line":18,"column":1}}]}},"s":{"0":1,"1":1,"2":1,"3":1,"4":1,"5":1,"6":0,"7":1},"f":{},"b":{"0":[0,1],"1":[0]}}
,"/Users/mac/Documents/Code_files/New_Projects/CRIATEURS_API_V1/src/config/swaggerConfig.ts": {"path":"/Users/mac/Documents/Code_files/New_Projects/CRIATEURS_API_V1/src/config/swaggerConfig.ts","statementMap":{"0":{"start":{"line":1,"column":0},"end":{"line":1,"column":33}},"1":{"start":{"line":3,"column":23},"end":{"line":18,"column":2}},"2":{"start":{"line":20,"column":0},"end":{"line":20,"column":30}}},"fnMap":{},"branchMap":{},"s":{"0":1,"1":1,"2":1},"f":{},"b":{}}
,"/Users/mac/Documents/Code_files/New_Projects/CRIATEURS_API_V1/src/middlewares/corsHandler.ts": {"path":"/Users/mac/Documents/Code_files/New_Projects/CRIATEURS_API_V1/src/middlewares/corsHandler.ts","statementMap":{"0":{"start":{"line":3,"column":0},"end":{"line":3,"column":16}},"1":{"start":{"line":8,"column":2},"end":{"line":8,"column":66}},"2":{"start":{"line":9,"column":2},"end":{"line":12,"column":4}},"3":{"start":{"line":13,"column":2},"end":{"line":13,"column":57}},"4":{"start":{"line":15,"column":2},"end":{"line":18,"column":3}},"5":{"start":{"line":16,"column":4},"end":{"line":16,"column":80}},"6":{"start":{"line":17,"column":4},"end":{"line":17,"column":36}},"7":{"start":{"line":19,"column":2},"end":{"line":19,"column":9}}},"fnMap":{"0":{"name":"corsHandlers","decl":{"start":{"line":3,"column":16},"end":{"line":3,"column":28}},"loc":{"start":{"line":6,"column":20},"end":{"line":20,"column":1}}}},"branchMap":{"0":{"loc":{"start":{"line":15,"column":2},"end":{"line":18,"column":3}},"type":"if","locations":[{"start":{"line":15,"column":2},"end":{"line":18,"column":3}}]}},"s":{"0":1,"1":1,"2":1,"3":1,"4":1,"5":1,"6":1,"7":0},"f":{"0":1},"b":{"0":[1]}}
,"/Users/mac/Documents/Code_files/New_Projects/CRIATEURS_API_V1/src/middlewares/routeNotFoundHandler.ts": {"path":"/Users/mac/Documents/Code_files/New_Projects/CRIATEURS_API_V1/src/middlewares/routeNotFoundHandler.ts","statementMap":{"0":{"start":{"line":3,"column":0},"end":{"line":3,"column":16}},"1":{"start":{"line":4,"column":16},"end":{"line":4,"column":44}},"2":{"start":{"line":5,"column":2},"end":{"line":5,"column":56}}},"fnMap":{"0":{"name":"routeNotFoundHandler","decl":{"start":{"line":3,"column":16},"end":{"line":3,"column":36}},"loc":{"start":{"line":3,"column":64},"end":{"line":6,"column":1}}}},"branchMap":{},"s":{"0":1,"1":0,"2":0},"f":{"0":0},"b":{}}
}
