TN:
SF:src/server.ts
FNF:0
FNH:0
DA:1,1
DA:2,1
DA:3,1
DA:4,1
DA:5,1
DA:6,1
DA:7,1
DA:9,1
DA:11,1
DA:13,1
DA:14,1
DA:16,1
DA:19,1
DA:22,1
DA:24,1
LF:15
LH:15
BRDA:9,0,0,1
BRDA:9,0,1,0
BRF:2
BRH:1
end_of_record
TN:
SF:src/config/index.ts
FNF:0
FNH:0
DA:1,1
DA:2,1
DA:4,1
DA:8,1
DA:15,1
DA:16,1
DA:17,0
DA:20,1
LF:8
LH:7
BRDA:4,0,0,0
BRDA:4,0,1,1
BRDA:16,1,0,0
BRF:3
BRH:1
end_of_record
TN:
SF:src/config/swaggerConfig.ts
FNF:0
FNH:0
DA:1,1
DA:3,1
DA:20,1
LF:3
LH:3
BRF:0
BRH:0
end_of_record
TN:
SF:src/middlewares/corsHandler.ts
FN:3,corsHandlers
FNF:1
FNH:1
FNDA:1,corsHandlers
DA:3,1
DA:8,1
DA:9,1
DA:13,1
DA:15,1
DA:16,1
DA:17,1
DA:19,0
LF:8
LH:7
BRDA:15,0,0,1
BRF:1
BRH:1
end_of_record
TN:
SF:src/middlewares/routeNotFoundHandler.ts
FN:3,routeNotFoundHandler
FNF:1
FNH:0
FNDA:0,routeNotFoundHandler
DA:3,1
DA:4,0
DA:5,0
LF:3
LH:1
BRF:0
BRH:0
end_of_record
